<?xml version="1.0" encoding="UTF-8"?>
<!-- Generated by org.testng.reporters.JUnitReportReporter -->
<testsuite hostname="SONY-PC" failures="0" tests="3" name="com.ebanking.master.POMwithDataProvider" time="9.460" errors="0" timestamp="2021-11-20T09:46:53 IST" skipped="0">
  <testcase classname="com.ebanking.master.POMwithDataProvider" name="RoleC" time="5.265"/>
  <system-out/>
  <testcase classname="com.ebanking.master.POMwithDataProvider" name="RoleC" time="2.077"/>
  <system-out/>
  <testcase classname="com.ebanking.master.POMwithDataProvider" name="RoleC" time="2.118"/>
  <system-out/>
</testsuite> <!-- com.ebanking.master.POMwithDataProvider -->
