<?xml version="1.0" encoding="UTF-8"?>
<!-- Generated by org.testng.reporters.JUnitReportReporter -->
<testsuite hostname="SONY-PC" failures="0" tests="2" name="com.ebanking.scripts.PracticeNg" time="37.187" errors="0" timestamp="2021-11-15T15:23:42 IST" skipped="0">
  <testcase classname="com.ebanking.scripts.PracticeNg" name="pqr" time="15.529"/>
  <system-out/>
  <testcase classname="com.ebanking.scripts.PracticeNg" name="start" time="21.658"/>
  <system-out/>
</testsuite> <!-- com.ebanking.scripts.PracticeNg -->
