<?xml version="1.0" encoding="UTF-8"?>
<!-- Generated by org.testng.reporters.JUnitReportReporter -->
<testsuite hostname="SONY-PC" failures="0" tests="3" name="com.ebanking.master.RoleNG" time="44.615" errors="0" timestamp="2021-11-17T11:27:29 IST" skipped="0">
  <testcase classname="com.ebanking.master.RoleNG" name="Role" time="12.188"/>
  <system-out/>
  <testcase classname="com.ebanking.master.RoleNG" name="Role" time="16.488"/>
  <system-out/>
  <testcase classname="com.ebanking.master.RoleNG" name="Role" time="15.939"/>
  <system-out/>
</testsuite> <!-- com.ebanking.master.RoleNG -->
