<?xml version="1.0" encoding="UTF-8"?>
<!-- Generated by org.testng.reporters.JUnitReportReporter -->
<testsuite hostname="SONY-PC" failures="0" tests="1" name="com.ebanking.master.Emp_Creation" time="9.137" errors="0" timestamp="2021-11-16T16:55:33 IST" skipped="0">
  <testcase classname="com.ebanking.master.Emp_Creation" name="Emp_Creation" time="9.137"/>
  <system-out/>
</testsuite> <!-- com.ebanking.master.Emp_Creation -->
