<?xml version="1.0" encoding="UTF-8"?>
<!-- Generated by org.testng.reporters.JUnitReportReporter -->
<testsuite hostname="SONY-PC" failures="0" tests="1" name="com.ebanking.master.brnch_creation" time="31.325" errors="0" timestamp="2021-11-17T10:23:53 IST" skipped="0">
  <testcase classname="com.ebanking.master.brnch_creation" name="branch_creation" time="31.325"/>
  <system-out/>
</testsuite> <!-- com.ebanking.master.brnch_creation -->
