<?xml version="1.0" encoding="UTF-8"?>
<!-- Generated by org.testng.reporters.JUnitReportReporter -->
<testsuite hostname="SONY-PC" failures="0" tests="1" name="com.ebanking.master.ExcelPOM" time="11.815" errors="0" timestamp="2021-11-20T13:52:15 IST" skipped="0">
  <testcase classname="com.ebanking.master.ExcelPOM" name="RoleC" time="11.815"/>
  <system-out/>
</testsuite> <!-- com.ebanking.master.ExcelPOM -->
