<?xml version="1.0" encoding="UTF-8"?>
<!-- Generated by org.testng.reporters.JUnitReportReporter -->
<testsuite hostname="SONY-PC" failures="0" tests="1" name="com.ebanking.master.Exepom" time="36.595" errors="0" timestamp="2021-11-19T15:54:33 IST" skipped="0">
  <testcase classname="com.ebanking.master.Exepom" name="pom" time="36.595"/>
  <system-out/>
</testsuite> <!-- com.ebanking.master.Exepom -->
